[1/2] "C:/Program Files/CMake/bin/cmake.exe" -E chdir ".." "C:/Program Files/CMake/bin/cmake.exe" "C:/Users/rudra/source/repos/BoschEtchProcess/BoschEtchProcess/vcpkg_installed/vcpkg/blds/glfw3/src/3.4-2448ff4533.clean" "-G" "Ninja" "-DCMAKE_BUILD_TYPE=Release" "-DCMAKE_INSTALL_PREFIX=C:/Users/rudra/source/repos/BoschEtchProcess/BoschEtchProcess/vcpkg_installed/vcpkg/pkgs/glfw3_x64-windows" "-DFETCHCONTENT_FULLY_DISCONNECTED=ON" "-DGLFW_BUILD_EXAMPLES=OFF" "-DGLFW_BUILD_TESTS=OFF" "-DGLFW_BUILD_DOCS=OFF" "-DGLFW_BUILD_WAYLAND=OFF" "-DCMAKE_MAKE_PROGRAM=C:/Program Files (x86)/Microsoft Visual Studio/2022/BuildTools/Common7/IDE/CommonExtensions/Microsoft/CMake/Ninja/ninja.exe" "-DBUILD_SHARED_LIBS=ON" "-DVCPKG_CHAINLOAD_TOOLCHAIN_FILE=C:/Program Files/Microsoft Visual Studio/2022/Community/VC/vcpkg/scripts/toolchains/windows.cmake" "-DVCPKG_TARGET_TRIPLET=x64-windows" "-DVCPKG_SET_CHARSET_FLAG=ON" "-DVCPKG_PLATFORM_TOOLSET=v143" "-DCMAKE_EXPORT_NO_PACKAGE_REGISTRY=ON" "-DCMAKE_FIND_PACKAGE_NO_PACKAGE_REGISTRY=ON" "-DCMAKE_FIND_PACKAGE_NO_SYSTEM_PACKAGE_REGISTRY=ON" "-DCMAKE_INSTALL_SYSTEM_RUNTIME_LIBS_SKIP=TRUE" "-DCMAKE_VERBOSE_MAKEFILE=ON" "-DVCPKG_APPLOCAL_DEPS=OFF" "-DCMAKE_TOOLCHAIN_FILE=C:/Program Files/Microsoft Visual Studio/2022/Community/VC/vcpkg/scripts/buildsystems/vcpkg.cmake" "-DCMAKE_ERROR_ON_ABSOLUTE_INSTALL_DESTINATION=ON" "-DVCPKG_CXX_FLAGS=" "-DVCPKG_CXX_FLAGS_RELEASE=" "-DVCPKG_CXX_FLAGS_DEBUG=" "-DVCPKG_C_FLAGS=" "-DVCPKG_C_FLAGS_RELEASE=" "-DVCPKG_C_FLAGS_DEBUG=" "-DVCPKG_CRT_LINKAGE=dynamic" "-DVCPKG_LINKER_FLAGS=" "-DVCPKG_LINKER_FLAGS_RELEASE=" "-DVCPKG_LINKER_FLAGS_DEBUG=" "-DVCPKG_TARGET_ARCHITECTURE=x64" "-DCMAKE_INSTALL_LIBDIR:STRING=lib" "-DCMAKE_INSTALL_BINDIR:STRING=bin" "-D_VCPKG_ROOT_DIR=C:/Program Files/Microsoft Visual Studio/2022/Community/VC/vcpkg" "-D_VCPKG_INSTALLED_DIR=C:/Users/rudra/source/repos/BoschEtchProcess/BoschEtchProcess/vcpkg_installed" "-DVCPKG_MANIFEST_INSTALL=OFF"
CMake Deprecation Warning at C:/Program Files/Microsoft Visual Studio/2022/Community/VC/vcpkg/scripts/buildsystems/vcpkg.cmake:40 (cmake_policy):
  Compatibility with CMake < 3.10 will be removed from a future version of
  CMake.

  Update the VERSION argument <min> value.  Or, use the <min>...<max> syntax
  to tell CMake that the project requires at least <min> but has been updated
  to work with policies introduced by <max> or earlier.
Call Stack (most recent call first):
  C:/Program Files/CMake/share/cmake-4.2/Modules/CMakeDetermineSystem.cmake:146 (include)
  CMakeLists.txt:3 (project)


CMake Deprecation Warning at C:/Program Files/Microsoft Visual Studio/2022/Community/VC/vcpkg/scripts/buildsystems/vcpkg.cmake:878 (cmake_policy):
  Compatibility with CMake < 3.10 will be removed from a future version of
  CMake.

  Update the VERSION argument <min> value.  Or, use the <min>...<max> syntax
  to tell CMake that the project requires at least <min> but has been updated
  to work with policies introduced by <max> or earlier.
Call Stack (most recent call first):
  C:/Program Files/CMake/share/cmake-4.2/Modules/CMakeDetermineSystem.cmake:146 (include)
  CMakeLists.txt:3 (project)


CMake Deprecation Warning at C:/Program Files/Microsoft Visual Studio/2022/Community/VC/vcpkg/scripts/buildsystems/vcpkg.cmake:40 (cmake_policy):
  Compatibility with CMake < 3.10 will be removed from a future version of
  CMake.

  Update the VERSION argument <min> value.  Or, use the <min>...<max> syntax
  to tell CMake that the project requires at least <min> but has been updated
  to work with policies introduced by <max> or earlier.
Call Stack (most recent call first):
  C:/Users/rudra/source/repos/BoschEtchProcess/BoschEtchProcess/vcpkg_installed/vcpkg/blds/glfw3/x64-windows-rel/CMakeFiles/4.2.0-rc1/CMakeSystem.cmake:6 (include)
  CMakeLists.txt:3 (project)


-- The C compiler identification is MSVC 19.43.34809.0
-- Detecting C compiler ABI info
CMake Deprecation Warning at C:/Program Files/Microsoft Visual Studio/2022/Community/VC/vcpkg/scripts/buildsystems/vcpkg.cmake:40 (cmake_policy):
  Compatibility with CMake < 3.10 will be removed from a future version of
  CMake.

  Update the VERSION argument <min> value.  Or, use the <min>...<max> syntax
  to tell CMake that the project requires at least <min> but has been updated
  to work with policies introduced by <max> or earlier.
Call Stack (most recent call first):
  C:/Users/rudra/source/repos/BoschEtchProcess/BoschEtchProcess/vcpkg_installed/vcpkg/blds/glfw3/x64-windows-rel/CMakeFiles/4.2.0-rc1/CMakeSystem.cmake:6 (include)
  C:/Users/rudra/source/repos/BoschEtchProcess/BoschEtchProcess/vcpkg_installed/vcpkg/blds/glfw3/x64-windows-rel/CMakeFiles/CMakeScratch/TryCompile-2wi5am/CMakeLists.txt:6 (project)


CMake Deprecation Warning at C:/Program Files/Microsoft Visual Studio/2022/Community/VC/vcpkg/scripts/buildsystems/vcpkg.cmake:878 (cmake_policy):
  Compatibility with CMake < 3.10 will be removed from a future version of
  CMake.

  Update the VERSION argument <min> value.  Or, use the <min>...<max> syntax
  to tell CMake that the project requires at least <min> but has been updated
  to work with policies introduced by <max> or earlier.
Call Stack (most recent call first):
  C:/Users/rudra/source/repos/BoschEtchProcess/BoschEtchProcess/vcpkg_installed/vcpkg/blds/glfw3/x64-windows-rel/CMakeFiles/4.2.0-rc1/CMakeSystem.cmake:6 (include)
  C:/Users/rudra/source/repos/BoschEtchProcess/BoschEtchProcess/vcpkg_installed/vcpkg/blds/glfw3/x64-windows-rel/CMakeFiles/CMakeScratch/TryCompile-2wi5am/CMakeLists.txt:6 (project)


-- Detecting C compiler ABI info - done
-- Check for working C compiler: C:/Program Files (x86)/Microsoft Visual Studio/2022/BuildTools/VC/Tools/MSVC/14.43.34808/bin/Hostx64/x64/cl.exe - skipped
-- Detecting C compile features
-- Detecting C compile features - done
-- Performing Test CMAKE_HAVE_LIBC_PTHREAD
CMake Deprecation Warning at C:/Program Files/Microsoft Visual Studio/2022/Community/VC/vcpkg/scripts/buildsystems/vcpkg.cmake:40 (cmake_policy):
  Compatibility with CMake < 3.10 will be removed from a future version of
  CMake.

  Update the VERSION argument <min> value.  Or, use the <min>...<max> syntax
  to tell CMake that the project requires at least <min> but has been updated
  to work with policies introduced by <max> or earlier.
Call Stack (most recent call first):
  C:/Users/rudra/source/repos/BoschEtchProcess/BoschEtchProcess/vcpkg_installed/vcpkg/blds/glfw3/x64-windows-rel/CMakeFiles/4.2.0-rc1/CMakeSystem.cmake:6 (include)
  C:/Users/rudra/source/repos/BoschEtchProcess/BoschEtchProcess/vcpkg_installed/vcpkg/blds/glfw3/x64-windows-rel/CMakeFiles/CMakeScratch/TryCompile-94bwrc/CMakeLists.txt:7 (project)


CMake Deprecation Warning at C:/Program Files/Microsoft Visual Studio/2022/Community/VC/vcpkg/scripts/buildsystems/vcpkg.cmake:878 (cmake_policy):
  Compatibility with CMake < 3.10 will be removed from a future version of
  CMake.

  Update the VERSION argument <min> value.  Or, use the <min>...<max> syntax
  to tell CMake that the project requires at least <min> but has been updated
  to work with policies introduced by <max> or earlier.
Call Stack (most recent call first):
  C:/Users/rudra/source/repos/BoschEtchProcess/BoschEtchProcess/vcpkg_installed/vcpkg/blds/glfw3/x64-windows-rel/CMakeFiles/4.2.0-rc1/CMakeSystem.cmake:6 (include)
  C:/Users/rudra/source/repos/BoschEtchProcess/BoschEtchProcess/vcpkg_installed/vcpkg/blds/glfw3/x64-windows-rel/CMakeFiles/CMakeScratch/TryCompile-94bwrc/CMakeLists.txt:7 (project)


-- Performing Test CMAKE_HAVE_LIBC_PTHREAD - Failed
-- Looking for pthread_create in pthreads
CMake Deprecation Warning at C:/Program Files/Microsoft Visual Studio/2022/Community/VC/vcpkg/scripts/buildsystems/vcpkg.cmake:40 (cmake_policy):
  Compatibility with CMake < 3.10 will be removed from a future version of
  CMake.

  Update the VERSION argument <min> value.  Or, use the <min>...<max> syntax
  to tell CMake that the project requires at least <min> but has been updated
  to work with policies introduced by <max> or earlier.
Call Stack (most recent call first):
  C:/Users/rudra/source/repos/BoschEtchProcess/BoschEtchProcess/vcpkg_installed/vcpkg/blds/glfw3/x64-windows-rel/CMakeFiles/4.2.0-rc1/CMakeSystem.cmake:6 (include)
  C:/Users/rudra/source/repos/BoschEtchProcess/BoschEtchProcess/vcpkg_installed/vcpkg/blds/glfw3/x64-windows-rel/CMakeFiles/CMakeScratch/TryCompile-b3a0q0/CMakeLists.txt:7 (project)


CMake Deprecation Warning at C:/Program Files/Microsoft Visual Studio/2022/Community/VC/vcpkg/scripts/buildsystems/vcpkg.cmake:878 (cmake_policy):
  Compatibility with CMake < 3.10 will be removed from a future version of
  CMake.

  Update the VERSION argument <min> value.  Or, use the <min>...<max> syntax
  to tell CMake that the project requires at least <min> but has been updated
  to work with policies introduced by <max> or earlier.
Call Stack (most recent call first):
  C:/Users/rudra/source/repos/BoschEtchProcess/BoschEtchProcess/vcpkg_installed/vcpkg/blds/glfw3/x64-windows-rel/CMakeFiles/4.2.0-rc1/CMakeSystem.cmake:6 (include)
  C:/Users/rudra/source/repos/BoschEtchProcess/BoschEtchProcess/vcpkg_installed/vcpkg/blds/glfw3/x64-windows-rel/CMakeFiles/CMakeScratch/TryCompile-b3a0q0/CMakeLists.txt:7 (project)


-- Looking for pthread_create in pthreads - not found
-- Looking for pthread_create in pthread
CMake Deprecation Warning at C:/Program Files/Microsoft Visual Studio/2022/Community/VC/vcpkg/scripts/buildsystems/vcpkg.cmake:40 (cmake_policy):
  Compatibility with CMake < 3.10 will be removed from a future version of
  CMake.

  Update the VERSION argument <min> value.  Or, use the <min>...<max> syntax
  to tell CMake that the project requires at least <min> but has been updated
  to work with policies introduced by <max> or earlier.
Call Stack (most recent call first):
  C:/Users/rudra/source/repos/BoschEtchProcess/BoschEtchProcess/vcpkg_installed/vcpkg/blds/glfw3/x64-windows-rel/CMakeFiles/4.2.0-rc1/CMakeSystem.cmake:6 (include)
  C:/Users/rudra/source/repos/BoschEtchProcess/BoschEtchProcess/vcpkg_installed/vcpkg/blds/glfw3/x64-windows-rel/CMakeFiles/CMakeScratch/TryCompile-38ktsc/CMakeLists.txt:7 (project)


CMake Deprecation Warning at C:/Program Files/Microsoft Visual Studio/2022/Community/VC/vcpkg/scripts/buildsystems/vcpkg.cmake:878 (cmake_policy):
  Compatibility with CMake < 3.10 will be removed from a future version of
  CMake.

  Update the VERSION argument <min> value.  Or, use the <min>...<max> syntax
  to tell CMake that the project requires at least <min> but has been updated
  to work with policies introduced by <max> or earlier.
Call Stack (most recent call first):
  C:/Users/rudra/source/repos/BoschEtchProcess/BoschEtchProcess/vcpkg_installed/vcpkg/blds/glfw3/x64-windows-rel/CMakeFiles/4.2.0-rc1/CMakeSystem.cmake:6 (include)
  C:/Users/rudra/source/repos/BoschEtchProcess/BoschEtchProcess/vcpkg_installed/vcpkg/blds/glfw3/x64-windows-rel/CMakeFiles/CMakeScratch/TryCompile-38ktsc/CMakeLists.txt:7 (project)


-- Looking for pthread_create in pthread - not found
-- Found Threads: TRUE
-- Including Win32 support
-- Configuring done (2.5s)
-- Generating done (0.1s)
CMake Warning:
  Manually-specified variables were not used by the project:

    FETCHCONTENT_FULLY_DISCONNECTED
    _VCPKG_ROOT_DIR


-- Build files have been written to: C:/Users/rudra/source/repos/BoschEtchProcess/BoschEtchProcess/vcpkg_installed/vcpkg/blds/glfw3/x64-windows-rel
[2/2] "C:/Program Files/CMake/bin/cmake.exe" -E chdir "../../x64-windows-dbg" "C:/Program Files/CMake/bin/cmake.exe" "C:/Users/rudra/source/repos/BoschEtchProcess/BoschEtchProcess/vcpkg_installed/vcpkg/blds/glfw3/src/3.4-2448ff4533.clean" "-G" "Ninja" "-DCMAKE_BUILD_TYPE=Debug" "-DCMAKE_INSTALL_PREFIX=C:/Users/rudra/source/repos/BoschEtchProcess/BoschEtchProcess/vcpkg_installed/vcpkg/pkgs/glfw3_x64-windows/debug" "-DFETCHCONTENT_FULLY_DISCONNECTED=ON" "-DGLFW_BUILD_EXAMPLES=OFF" "-DGLFW_BUILD_TESTS=OFF" "-DGLFW_BUILD_DOCS=OFF" "-DGLFW_BUILD_WAYLAND=OFF" "-DCMAKE_MAKE_PROGRAM=C:/Program Files (x86)/Microsoft Visual Studio/2022/BuildTools/Common7/IDE/CommonExtensions/Microsoft/CMake/Ninja/ninja.exe" "-DBUILD_SHARED_LIBS=ON" "-DVCPKG_CHAINLOAD_TOOLCHAIN_FILE=C:/Program Files/Microsoft Visual Studio/2022/Community/VC/vcpkg/scripts/toolchains/windows.cmake" "-DVCPKG_TARGET_TRIPLET=x64-windows" "-DVCPKG_SET_CHARSET_FLAG=ON" "-DVCPKG_PLATFORM_TOOLSET=v143" "-DCMAKE_EXPORT_NO_PACKAGE_REGISTRY=ON" "-DCMAKE_FIND_PACKAGE_NO_PACKAGE_REGISTRY=ON" "-DCMAKE_FIND_PACKAGE_NO_SYSTEM_PACKAGE_REGISTRY=ON" "-DCMAKE_INSTALL_SYSTEM_RUNTIME_LIBS_SKIP=TRUE" "-DCMAKE_VERBOSE_MAKEFILE=ON" "-DVCPKG_APPLOCAL_DEPS=OFF" "-DCMAKE_TOOLCHAIN_FILE=C:/Program Files/Microsoft Visual Studio/2022/Community/VC/vcpkg/scripts/buildsystems/vcpkg.cmake" "-DCMAKE_ERROR_ON_ABSOLUTE_INSTALL_DESTINATION=ON" "-DVCPKG_CXX_FLAGS=" "-DVCPKG_CXX_FLAGS_RELEASE=" "-DVCPKG_CXX_FLAGS_DEBUG=" "-DVCPKG_C_FLAGS=" "-DVCPKG_C_FLAGS_RELEASE=" "-DVCPKG_C_FLAGS_DEBUG=" "-DVCPKG_CRT_LINKAGE=dynamic" "-DVCPKG_LINKER_FLAGS=" "-DVCPKG_LINKER_FLAGS_RELEASE=" "-DVCPKG_LINKER_FLAGS_DEBUG=" "-DVCPKG_TARGET_ARCHITECTURE=x64" "-DCMAKE_INSTALL_LIBDIR:STRING=lib" "-DCMAKE_INSTALL_BINDIR:STRING=bin" "-D_VCPKG_ROOT_DIR=C:/Program Files/Microsoft Visual Studio/2022/Community/VC/vcpkg" "-D_VCPKG_INSTALLED_DIR=C:/Users/rudra/source/repos/BoschEtchProcess/BoschEtchProcess/vcpkg_installed" "-DVCPKG_MANIFEST_INSTALL=OFF"
CMake Deprecation Warning at C:/Program Files/Microsoft Visual Studio/2022/Community/VC/vcpkg/scripts/buildsystems/vcpkg.cmake:40 (cmake_policy):
  Compatibility with CMake < 3.10 will be removed from a future version of
  CMake.

  Update the VERSION argument <min> value.  Or, use the <min>...<max> syntax
  to tell CMake that the project requires at least <min> but has been updated
  to work with policies introduced by <max> or earlier.
Call Stack (most recent call first):
  C:/Program Files/CMake/share/cmake-4.2/Modules/CMakeDetermineSystem.cmake:146 (include)
  CMakeLists.txt:3 (project)


CMake Deprecation Warning at C:/Program Files/Microsoft Visual Studio/2022/Community/VC/vcpkg/scripts/buildsystems/vcpkg.cmake:878 (cmake_policy):
  Compatibility with CMake < 3.10 will be removed from a future version of
  CMake.

  Update the VERSION argument <min> value.  Or, use the <min>...<max> syntax
  to tell CMake that the project requires at least <min> but has been updated
  to work with policies introduced by <max> or earlier.
Call Stack (most recent call first):
  C:/Program Files/CMake/share/cmake-4.2/Modules/CMakeDetermineSystem.cmake:146 (include)
  CMakeLists.txt:3 (project)


CMake Deprecation Warning at C:/Program Files/Microsoft Visual Studio/2022/Community/VC/vcpkg/scripts/buildsystems/vcpkg.cmake:40 (cmake_policy):
  Compatibility with CMake < 3.10 will be removed from a future version of
  CMake.

  Update the VERSION argument <min> value.  Or, use the <min>...<max> syntax
  to tell CMake that the project requires at least <min> but has been updated
  to work with policies introduced by <max> or earlier.
Call Stack (most recent call first):
  C:/Users/rudra/source/repos/BoschEtchProcess/BoschEtchProcess/vcpkg_installed/vcpkg/blds/glfw3/x64-windows-dbg/CMakeFiles/4.2.0-rc1/CMakeSystem.cmake:6 (include)
  CMakeLists.txt:3 (project)


-- The C compiler identification is MSVC 19.43.34809.0
-- Detecting C compiler ABI info
CMake Deprecation Warning at C:/Program Files/Microsoft Visual Studio/2022/Community/VC/vcpkg/scripts/buildsystems/vcpkg.cmake:40 (cmake_policy):
  Compatibility with CMake < 3.10 will be removed from a future version of
  CMake.

  Update the VERSION argument <min> value.  Or, use the <min>...<max> syntax
  to tell CMake that the project requires at least <min> but has been updated
  to work with policies introduced by <max> or earlier.
Call Stack (most recent call first):
  C:/Users/rudra/source/repos/BoschEtchProcess/BoschEtchProcess/vcpkg_installed/vcpkg/blds/glfw3/x64-windows-dbg/CMakeFiles/4.2.0-rc1/CMakeSystem.cmake:6 (include)
  C:/Users/rudra/source/repos/BoschEtchProcess/BoschEtchProcess/vcpkg_installed/vcpkg/blds/glfw3/x64-windows-dbg/CMakeFiles/CMakeScratch/TryCompile-p18cw1/CMakeLists.txt:6 (project)


CMake Deprecation Warning at C:/Program Files/Microsoft Visual Studio/2022/Community/VC/vcpkg/scripts/buildsystems/vcpkg.cmake:878 (cmake_policy):
  Compatibility with CMake < 3.10 will be removed from a future version of
  CMake.

  Update the VERSION argument <min> value.  Or, use the <min>...<max> syntax
  to tell CMake that the project requires at least <min> but has been updated
  to work with policies introduced by <max> or earlier.
Call Stack (most recent call first):
  C:/Users/rudra/source/repos/BoschEtchProcess/BoschEtchProcess/vcpkg_installed/vcpkg/blds/glfw3/x64-windows-dbg/CMakeFiles/4.2.0-rc1/CMakeSystem.cmake:6 (include)
  C:/Users/rudra/source/repos/BoschEtchProcess/BoschEtchProcess/vcpkg_installed/vcpkg/blds/glfw3/x64-windows-dbg/CMakeFiles/CMakeScratch/TryCompile-p18cw1/CMakeLists.txt:6 (project)


-- Detecting C compiler ABI info - done
-- Check for working C compiler: C:/Program Files (x86)/Microsoft Visual Studio/2022/BuildTools/VC/Tools/MSVC/14.43.34808/bin/Hostx64/x64/cl.exe - skipped
-- Detecting C compile features
-- Detecting C compile features - done
-- Performing Test CMAKE_HAVE_LIBC_PTHREAD
CMake Deprecation Warning at C:/Program Files/Microsoft Visual Studio/2022/Community/VC/vcpkg/scripts/buildsystems/vcpkg.cmake:40 (cmake_policy):
  Compatibility with CMake < 3.10 will be removed from a future version of
  CMake.

  Update the VERSION argument <min> value.  Or, use the <min>...<max> syntax
  to tell CMake that the project requires at least <min> but has been updated
  to work with policies introduced by <max> or earlier.
Call Stack (most recent call first):
  C:/Users/rudra/source/repos/BoschEtchProcess/BoschEtchProcess/vcpkg_installed/vcpkg/blds/glfw3/x64-windows-dbg/CMakeFiles/4.2.0-rc1/CMakeSystem.cmake:6 (include)
  C:/Users/rudra/source/repos/BoschEtchProcess/BoschEtchProcess/vcpkg_installed/vcpkg/blds/glfw3/x64-windows-dbg/CMakeFiles/CMakeScratch/TryCompile-sbzmgv/CMakeLists.txt:7 (project)


CMake Deprecation Warning at C:/Program Files/Microsoft Visual Studio/2022/Community/VC/vcpkg/scripts/buildsystems/vcpkg.cmake:878 (cmake_policy):
  Compatibility with CMake < 3.10 will be removed from a future version of
  CMake.

  Update the VERSION argument <min> value.  Or, use the <min>...<max> syntax
  to tell CMake that the project requires at least <min> but has been updated
  to work with policies introduced by <max> or earlier.
Call Stack (most recent call first):
  C:/Users/rudra/source/repos/BoschEtchProcess/BoschEtchProcess/vcpkg_installed/vcpkg/blds/glfw3/x64-windows-dbg/CMakeFiles/4.2.0-rc1/CMakeSystem.cmake:6 (include)
  C:/Users/rudra/source/repos/BoschEtchProcess/BoschEtchProcess/vcpkg_installed/vcpkg/blds/glfw3/x64-windows-dbg/CMakeFiles/CMakeScratch/TryCompile-sbzmgv/CMakeLists.txt:7 (project)


-- Performing Test CMAKE_HAVE_LIBC_PTHREAD - Failed
-- Looking for pthread_create in pthreads
CMake Deprecation Warning at C:/Program Files/Microsoft Visual Studio/2022/Community/VC/vcpkg/scripts/buildsystems/vcpkg.cmake:40 (cmake_policy):
  Compatibility with CMake < 3.10 will be removed from a future version of
  CMake.

  Update the VERSION argument <min> value.  Or, use the <min>...<max> syntax
  to tell CMake that the project requires at least <min> but has been updated
  to work with policies introduced by <max> or earlier.
Call Stack (most recent call first):
  C:/Users/rudra/source/repos/BoschEtchProcess/BoschEtchProcess/vcpkg_installed/vcpkg/blds/glfw3/x64-windows-dbg/CMakeFiles/4.2.0-rc1/CMakeSystem.cmake:6 (include)
  C:/Users/rudra/source/repos/BoschEtchProcess/BoschEtchProcess/vcpkg_installed/vcpkg/blds/glfw3/x64-windows-dbg/CMakeFiles/CMakeScratch/TryCompile-7fp8a4/CMakeLists.txt:7 (project)


CMake Deprecation Warning at C:/Program Files/Microsoft Visual Studio/2022/Community/VC/vcpkg/scripts/buildsystems/vcpkg.cmake:878 (cmake_policy):
  Compatibility with CMake < 3.10 will be removed from a future version of
  CMake.

  Update the VERSION argument <min> value.  Or, use the <min>...<max> syntax
  to tell CMake that the project requires at least <min> but has been updated
  to work with policies introduced by <max> or earlier.
Call Stack (most recent call first):
  C:/Users/rudra/source/repos/BoschEtchProcess/BoschEtchProcess/vcpkg_installed/vcpkg/blds/glfw3/x64-windows-dbg/CMakeFiles/4.2.0-rc1/CMakeSystem.cmake:6 (include)
  C:/Users/rudra/source/repos/BoschEtchProcess/BoschEtchProcess/vcpkg_installed/vcpkg/blds/glfw3/x64-windows-dbg/CMakeFiles/CMakeScratch/TryCompile-7fp8a4/CMakeLists.txt:7 (project)


-- Looking for pthread_create in pthreads - not found
-- Looking for pthread_create in pthread
CMake Deprecation Warning at C:/Program Files/Microsoft Visual Studio/2022/Community/VC/vcpkg/scripts/buildsystems/vcpkg.cmake:40 (cmake_policy):
  Compatibility with CMake < 3.10 will be removed from a future version of
  CMake.

  Update the VERSION argument <min> value.  Or, use the <min>...<max> syntax
  to tell CMake that the project requires at least <min> but has been updated
  to work with policies introduced by <max> or earlier.
Call Stack (most recent call first):
  C:/Users/rudra/source/repos/BoschEtchProcess/BoschEtchProcess/vcpkg_installed/vcpkg/blds/glfw3/x64-windows-dbg/CMakeFiles/4.2.0-rc1/CMakeSystem.cmake:6 (include)
  C:/Users/rudra/source/repos/BoschEtchProcess/BoschEtchProcess/vcpkg_installed/vcpkg/blds/glfw3/x64-windows-dbg/CMakeFiles/CMakeScratch/TryCompile-abilp7/CMakeLists.txt:7 (project)


CMake Deprecation Warning at C:/Program Files/Microsoft Visual Studio/2022/Community/VC/vcpkg/scripts/buildsystems/vcpkg.cmake:878 (cmake_policy):
  Compatibility with CMake < 3.10 will be removed from a future version of
  CMake.

  Update the VERSION argument <min> value.  Or, use the <min>...<max> syntax
  to tell CMake that the project requires at least <min> but has been updated
  to work with policies introduced by <max> or earlier.
Call Stack (most recent call first):
  C:/Users/rudra/source/repos/BoschEtchProcess/BoschEtchProcess/vcpkg_installed/vcpkg/blds/glfw3/x64-windows-dbg/CMakeFiles/4.2.0-rc1/CMakeSystem.cmake:6 (include)
  C:/Users/rudra/source/repos/BoschEtchProcess/BoschEtchProcess/vcpkg_installed/vcpkg/blds/glfw3/x64-windows-dbg/CMakeFiles/CMakeScratch/TryCompile-abilp7/CMakeLists.txt:7 (project)


-- Looking for pthread_create in pthread - not found
-- Found Threads: TRUE
-- Including Win32 support
-- Configuring done (2.5s)
-- Generating done (0.1s)
CMake Warning:
  Manually-specified variables were not used by the project:

    FETCHCONTENT_FULLY_DISCONNECTED
    _VCPKG_ROOT_DIR


-- Build files have been written to: C:/Users/rudra/source/repos/BoschEtchProcess/BoschEtchProcess/vcpkg_installed/vcpkg/blds/glfw3/x64-windows-dbg
