-- Using cached glfw-glfw-3.4.tar.gz.
-- Extracting source C:/Users/rudra/AppData/Local/vcpkg/downloads/glfw-glfw-3.4.tar.gz
-- Using source at C:/Users/rudra/source/repos/BoschEtchProcess/BoschEtchProcess/vcpkg_installed/vcpkg/blds/glfw3/src/3.4-2448ff4533.clean
CMake Warning (dev) at scripts/cmake/vcpkg_find_acquire_program.cmake:70 (cmake_parse_arguments):
  The INTERPRETER keyword was followed by an empty string or no value at all.
  Policy CMP0174 is not set, so cmake_parse_arguments() will unset the
  arg_INTERPRETER variable rather than setting it to an empty string.
Call Stack (most recent call first):
  scripts/cmake/vcpkg_find_acquire_program.cmake:143 (z_vcpkg_find_acquire_program_find_internal)
  C:/Users/rudra/source/repos/BoschEtchProcess/BoschEtchProcess/vcpkg_installed/x64-windows/share/vcpkg-cmake/vcpkg_cmake_configure.cmake:116 (vcpkg_find_acquire_program)
  C:/Users/rudra/AppData/Local/vcpkg/registries/git-trees/d4bbd4f27c2ca619f57778985120cddcedadb1cc/portfile.cmake:38 (vcpkg_cmake_configure)
  scripts/ports.cmake:175 (include)
This warning is for project developers.  Use -Wno-dev to suppress it.

CMake Warning (dev) at scripts/cmake/vcpkg_find_acquire_program.cmake:30 (cmake_parse_arguments):
  The INTERPRETER keyword was followed by an empty string or no value at all.
  Policy CMP0174 is not set, so cmake_parse_arguments() will unset the
  arg_INTERPRETER variable rather than setting it to an empty string.
Call Stack (most recent call first):
  scripts/cmake/vcpkg_find_acquire_program.cmake:149 (z_vcpkg_find_acquire_program_find_external)
  C:/Users/rudra/source/repos/BoschEtchProcess/BoschEtchProcess/vcpkg_installed/x64-windows/share/vcpkg-cmake/vcpkg_cmake_configure.cmake:116 (vcpkg_find_acquire_program)
  C:/Users/rudra/AppData/Local/vcpkg/registries/git-trees/d4bbd4f27c2ca619f57778985120cddcedadb1cc/portfile.cmake:38 (vcpkg_cmake_configure)
  scripts/ports.cmake:175 (include)
This warning is for project developers.  Use -Wno-dev to suppress it.

-- Found external ninja('1.12.1').
-- Configuring x64-windows
-- Building x64-windows-dbg
-- Building x64-windows-rel
-- Fixing pkgconfig file: C:/Users/rudra/source/repos/BoschEtchProcess/BoschEtchProcess/vcpkg_installed/vcpkg/pkgs/glfw3_x64-windows/lib/pkgconfig/glfw3.pc
-- Using cached msys2-mingw-w64-x86_64-pkgconf-1~2.2.0-1-any.pkg.tar.zst.
-- Downloading https://mirror.msys2.org/msys/x86_64/msys2-runtime-3.4.10-4-x86_64.pkg.tar.zst;https://repo.msys2.org/msys/x86_64/msys2-runtime-3.4.10-4-x86_64.pkg.tar.zst;https://mirror.yandex.ru/mirrors/msys2/msys/x86_64/msys2-runtime-3.4.10-4-x86_64.pkg.tar.zst;https://mirrors.tuna.tsinghua.edu.cn/msys2/msys/x86_64/msys2-runtime-3.4.10-4-x86_64.pkg.tar.zst;https://mirrors.ustc.edu.cn/msys2/msys/x86_64/msys2-runtime-3.4.10-4-x86_64.pkg.tar.zst;https://mirror.selfnet.de/msys2/msys/x86_64/msys2-runtime-3.4.10-4-x86_64.pkg.tar.zst -> msys2-msys2-runtime-3.4.10-4-x86_64.pkg.tar.zst...
[DEBUG] To include the environment variables in debug output, pass --debug-env
[DEBUG] Trying to load bundleconfig from C:\Program Files\Microsoft Visual Studio\2022\Community\VC\vcpkg\vcpkg-bundle.json
[DEBUG] Bundle config: readonly=true, usegitregistry=true, embeddedsha=6f1ddd6b6878e7e66fcc35c65ba1d8feec2e01f8, deployment=VisualStudio, vsversion=17.0
[DEBUG] VS telemetry opted in at SOFTWARE\WOW6432Node\Microsoft\VSCommon\17.0\SQM\\OptIn
[DEBUG] Metrics enabled.
[DEBUG] Feature flag 'binarycaching' unset
[DEBUG] Feature flag 'compilertracking' unset
[DEBUG] Feature flag 'registries' unset
[DEBUG] Feature flag 'versions' unset
[DEBUG] Feature flag 'dependencygraph' unset
Downloading https://mirror.msys2.org/msys/x86_64/msys2-runtime-3.4.10-4-x86_64.pkg.tar.zst
Downloading https://repo.msys2.org/msys/x86_64/msys2-runtime-3.4.10-4-x86_64.pkg.tar.zst
Downloading https://mirror.yandex.ru/mirrors/msys2/msys/x86_64/msys2-runtime-3.4.10-4-x86_64.pkg.tar.zst
warning: Download failed -- retrying after 1000ms
warning: Download failed -- retrying after 2000ms
warning: Download failed -- retrying after 4000ms
Downloading https://mirrors.tuna.tsinghua.edu.cn/msys2/msys/x86_64/msys2-runtime-3.4.10-4-x86_64.pkg.tar.zst
Downloading https://mirrors.ustc.edu.cn/msys2/msys/x86_64/msys2-runtime-3.4.10-4-x86_64.pkg.tar.zst
Downloading https://mirror.selfnet.de/msys2/msys/x86_64/msys2-runtime-3.4.10-4-x86_64.pkg.tar.zst
error: Failed to download from mirror set
error: https://mirror.msys2.org/msys/x86_64/msys2-runtime-3.4.10-4-x86_64.pkg.tar.zst: failed: status code 404
error: https://repo.msys2.org/msys/x86_64/msys2-runtime-3.4.10-4-x86_64.pkg.tar.zst: failed: status code 404
error: https://mirror.yandex.ru/mirrors/msys2/msys/x86_64/msys2-runtime-3.4.10-4-x86_64.pkg.tar.zst: WinHttpSendRequest failed with exit code 12030
error: https://mirror.yandex.ru/mirrors/msys2/msys/x86_64/msys2-runtime-3.4.10-4-x86_64.pkg.tar.zst: WinHttpSendRequest failed with exit code 12030
error: https://mirror.yandex.ru/mirrors/msys2/msys/x86_64/msys2-runtime-3.4.10-4-x86_64.pkg.tar.zst: WinHttpSendRequest failed with exit code 12030
error: https://mirror.yandex.ru/mirrors/msys2/msys/x86_64/msys2-runtime-3.4.10-4-x86_64.pkg.tar.zst: WinHttpSendRequest failed with exit code 12030
error: https://mirrors.tuna.tsinghua.edu.cn/msys2/msys/x86_64/msys2-runtime-3.4.10-4-x86_64.pkg.tar.zst: failed: status code 404
error: https://mirrors.ustc.edu.cn/msys2/msys/x86_64/msys2-runtime-3.4.10-4-x86_64.pkg.tar.zst: failed: status code 404
error: https://mirror.selfnet.de/msys2/msys/x86_64/msys2-runtime-3.4.10-4-x86_64.pkg.tar.zst: failed: status code 404
[DEBUG] D:\a\_work\1\s\src\vcpkg\base\downloads.cpp(997): 
[DEBUG] Time in subprocesses: 0us
[DEBUG] Time in parsing JSON: 13us
[DEBUG] Time in JSON reader: 0us
[DEBUG] Time in filesystem: 4276us
[DEBUG] Time in loading ports: 0us
[DEBUG] Exiting after 13 s (13158754us)

CMake Error at scripts/cmake/vcpkg_download_distfile.cmake:32 (message):
      
      Failed to download file with error: 1
      If you are using a proxy, please check your proxy setting. Possible causes are:
      
      1. You are actually using an HTTP proxy, but setting HTTPS_PROXY variable
         to `https://address:port`. This is not correct, because `https://` prefix
         claims the proxy is an HTTPS proxy, while your proxy (v2ray, shadowsocksr
         , etc..) is an HTTP proxy. Try setting `http://address:port` to both
         HTTP_PROXY and HTTPS_PROXY instead.
      
      2. If you are using Windows, vcpkg will automatically use your Windows IE Proxy Settings
         set by your proxy software. See https://github.com/microsoft/vcpkg-tool/pull/77
         The value set by your proxy might be wrong, or have same `https://` prefix issue.
      
      3. Your proxy's remote server is out of service.
      
      If you've tried directly download the link, and believe this is not a temporary
      download server failure, please submit an issue at https://github.com/Microsoft/vcpkg/issues
      to report this upstream download server failure.
      

Call Stack (most recent call first):
  scripts/cmake/vcpkg_download_distfile.cmake:270 (z_vcpkg_download_distfile_show_proxy_and_fail)
  scripts/cmake/vcpkg_acquire_msys.cmake:25 (vcpkg_download_distfile)
  scripts/cmake/vcpkg_acquire_msys.cmake:124 (z_vcpkg_acquire_msys_download_package)
  scripts/cmake/vcpkg_acquire_msys.cmake:212 (z_vcpkg_acquire_msys_download_packages)
  scripts/cmake/vcpkg_find_acquire_program(PKGCONFIG).cmake:52 (vcpkg_acquire_msys)
  scripts/cmake/vcpkg_find_acquire_program.cmake:121 (include)
  scripts/cmake/vcpkg_fixup_pkgconfig.cmake:193 (vcpkg_find_acquire_program)
  C:/Users/rudra/AppData/Local/vcpkg/registries/git-trees/d4bbd4f27c2ca619f57778985120cddcedadb1cc/portfile.cmake:53 (vcpkg_fixup_pkgconfig)
  scripts/ports.cmake:175 (include)


